Running: /opt/Xilinx/13.4/ISE_DS/ISE/bin/lin64/unwrapped/fuse -intstyle ise -incremental -lib unisims_ver -lib unimacro_ver -lib xilinxcorelib_ver -o /home/ahish/Desktop/Assignment-6/fftradix4/radix4fft_tb_isim_beh.exe -prj /home/ahish/Desktop/Assignment-6/fftradix4/radix4fft_tb_beh.prj work.radix4fft_tb work.glbl 
ISim O.87xd (signature 0x8ddf5b5d)
Number of CPUs detected in this system: 3
Turning on mult-threading, number of parallel sub-compilation jobs: 6 
Determining compilation order of HDL files
Analyzing Verilog file "/home/ahish/Desktop/Assignment-6/fftradix4/radix4fft.v" into library work
Analyzing Verilog file "/home/ahish/Desktop/Assignment-6/fftradix4/radix4fft_tb.v" into library work
Analyzing Verilog file "/opt/Xilinx/13.4/ISE_DS/ISE//verilog/src/glbl.v" into library work
Starting static elaboration
Completed static elaboration
Fuse Memory Usage: 95024 KB
Fuse CPU Usage: 1080 ms
Compiling module radix4fft
Compiling module radix4fft_tb
Compiling module glbl
Time Resolution for simulation is 1ps.
Compiled 3 Verilog Units
Built simulation executable /home/ahish/Desktop/Assignment-6/fftradix4/radix4fft_tb_isim_beh.exe
Fuse Memory Usage: 524124 KB
Fuse CPU Usage: 1090 ms
GCC CPU Usage: 310 ms
