--------------------------------------------------------------------------------
Release 13.4 Trace  (lin64)
Copyright (c) 1995-2011 Xilinx, Inc.  All rights reserved.

/opt/Xilinx/13.4/ISE_DS/ISE/bin/lin64/unwrapped/trce -intstyle ise -v 3 -s 5 -n
3 -fastpaths -xml radix2fft.twx radix2fft.ncd -o radix2fft.twr radix2fft.pcf

Design file:              radix2fft.ncd
Physical constraint file: radix2fft.pcf
Device,package,speed:     xc3s500e,fg320,-5 (PRODUCTION 1.27 2012-01-07)
Report level:             verbose report

Environment Variable      Effect 
--------------------      ------ 
NONE                      No environment variables were set
--------------------------------------------------------------------------------

INFO:Timing:2698 - No timing constraints found, doing default enumeration.
INFO:Timing:3412 - To improve timing, see the Timing Closure User Guide (UG612).
INFO:Timing:2752 - To get complete path coverage, use the unconstrained paths 
   option. All paths that are not constrained will be reported in the 
   unconstrained paths section(s) of the report.
INFO:Timing:3339 - The clock-to-out numbers in this timing report are based on 
   a 50 Ohm transmission line loading model.  For the details of this model, 
   and for more information on accounting for different loading conditions, 
   please see the device datasheet.
INFO:Timing:3390 - This architecture does not support a default System Jitter 
   value, please add SYSTEM_JITTER constraint to the UCF to modify the Clock 
   Uncertainty calculation.
INFO:Timing:3389 - This architecture does not support 'Discrete Jitter' and 
   'Phase Error' calculations, these terms will be zero in the Clock 
   Uncertainty calculation.  Please make appropriate modification to 
   SYSTEM_JITTER to account for the unsupported Discrete Jitter and Phase 
   Error.



Data Sheet report:
-----------------
All values displayed in nanoseconds (ns)

Setup/Hold to clock clk
------------+------------+------------+------------------+--------+
            |Max Setup to|Max Hold to |                  | Clock  |
Source      | clk (edge) | clk (edge) |Internal Clock(s) | Phase  |
------------+------------+------------+------------------+--------+
rst         |    1.607(R)|    0.446(R)|clk_BUFGP         |   0.000|
x<0>        |   -0.010(R)|    1.135(R)|clk_BUFGP         |   0.000|
x<1>        |    0.193(R)|    0.973(R)|clk_BUFGP         |   0.000|
x<2>        |   -0.402(R)|    1.449(R)|clk_BUFGP         |   0.000|
x<3>        |   -0.228(R)|    1.310(R)|clk_BUFGP         |   0.000|
------------+------------+------------+------------------+--------+

Clock clk to Pad
------------+------------+------------------+--------+
            | clk (edge) |                  | Clock  |
Destination |   to PAD   |Internal Clock(s) | Phase  |
------------+------------+------------------+--------+
done        |    6.710(R)|clk_BUFGP         |   0.000|
yImag<2>    |    7.675(R)|clk_BUFGP         |   0.000|
yImag<3>    |    7.233(R)|clk_BUFGP         |   0.000|
yImag<6>    |    7.895(R)|clk_BUFGP         |   0.000|
yImag<7>    |    7.242(R)|clk_BUFGP         |   0.000|
yReal<0>    |    7.387(R)|clk_BUFGP         |   0.000|
yReal<1>    |    6.939(R)|clk_BUFGP         |   0.000|
yReal<2>    |    6.999(R)|clk_BUFGP         |   0.000|
yReal<3>    |    7.261(R)|clk_BUFGP         |   0.000|
yReal<4>    |    7.385(R)|clk_BUFGP         |   0.000|
yReal<5>    |    6.767(R)|clk_BUFGP         |   0.000|
yReal<6>    |    6.780(R)|clk_BUFGP         |   0.000|
yReal<7>    |    7.964(R)|clk_BUFGP         |   0.000|
------------+------------+------------------+--------+

Clock to Setup on destination clock clk
---------------+---------+---------+---------+---------+
               | Src:Rise| Src:Fall| Src:Rise| Src:Fall|
Source Clock   |Dest:Rise|Dest:Rise|Dest:Fall|Dest:Fall|
---------------+---------+---------+---------+---------+
clk            |    3.302|         |         |         |
---------------+---------+---------+---------+---------+


Analysis completed Tue Oct 29 20:56:35 2019 
--------------------------------------------------------------------------------

Trace Settings:
-------------------------
Trace Settings 

Peak Memory Usage: 347 MB



