Command line:
   radix2ffttb_isim_beh.exe
     -simmode  gui
     -simrunnum  0
     -socket  33843

Tue Oct 29 15:22:08 2019


 Elaboration Time: 0.01 sec

 Current Memory Usage: 181.51 Meg

 Total Signals          : 31
 Total Nets             : 59
 Total Signal Drivers   : 19
 Total Blocks           : 5
 Total Primitive Blocks : 3
 Total Processes        : 27
 Total Traceable Variables  : 27
 Total Scalar Nets and Variables : 208
Total Line Count : 48

 Total Simulation Time: 0.01 sec

 Current Memory Usage: 257.012 Meg

Tue Oct 29 15:26:51 2019

